{"/Users/nehiyr/Labs/side-projects/ci-cd/src/app.js": {"path":"/Users/nehiyr/Labs/side-projects/ci-cd/src/app.js","statementMap":{"0":{"start":{"line":1,"column":16},"end":{"line":1,"column":34}},"1":{"start":{"line":2,"column":20},"end":{"line":2,"column":45}},"2":{"start":{"line":4,"column":12},"end":{"line":4,"column":21}},"3":{"start":{"line":6,"column":0},"end":{"line":6,"column":24}},"4":{"start":{"line":8,"column":0},"end":{"line":8,"column":35}},"5":{"start":{"line":11,"column":0},"end":{"line":11,"column":82}},"6":{"start":{"line":11,"column":22},"end":{"line":11,"column":80}},"7":{"start":{"line":15,"column":0},"end":{"line":20,"column":3}},"8":{"start":{"line":17,"column":2},"end":{"line":17,"column":21}},"9":{"start":{"line":19,"column":2},"end":{"line":19,"column":69}},"10":{"start":{"line":22,"column":0},"end":{"line":22,"column":21}}},"fnMap":{"0":{"name":"(anonymous_0)","decl":{"start":{"line":11,"column":8},"end":{"line":11,"column":9}},"loc":{"start":{"line":11,"column":22},"end":{"line":11,"column":80}},"line":11},"1":{"name":"(anonymous_1)","decl":{"start":{"line":15,"column":8},"end":{"line":15,"column":9}},"loc":{"start":{"line":15,"column":33},"end":{"line":20,"column":1}},"line":15}},"branchMap":{},"s":{"0":1,"1":1,"2":1,"3":1,"4":1,"5":1,"6":0,"7":1,"8":0,"9":0,"10":1},"f":{"0":0,"1":0},"b":{},"_coverageSchema":"1a1c01bbd47fc00a2c39e90264f33305004495a9","hash":"dd8f0c8d51ef036316fb2fb9ed2d188ca3a24791"}
,"/Users/nehiyr/Labs/side-projects/ci-cd/src/db.js": {"path":"/Users/nehiyr/Labs/side-projects/ci-cd/src/db.js","statementMap":{"0":{"start":{"line":1,"column":13},"end":{"line":1,"column":28}},"1":{"start":{"line":2,"column":16},"end":{"line":2,"column":44}},"2":{"start":{"line":4,"column":18},"end":{"line":4,"column":49}},"3":{"start":{"line":6,"column":15},"end":{"line":6,"column":86}},"4":{"start":{"line":8,"column":11},"end":{"line":15,"column":2}},"5":{"start":{"line":9,"column":2},"end":{"line":14,"column":3}},"6":{"start":{"line":12,"column":4},"end":{"line":12,"column":71}},"7":{"start":{"line":13,"column":4},"end":{"line":13,"column":20}},"8":{"start":{"line":17,"column":0},"end":{"line":26,"column":3}},"9":{"start":{"line":18,"column":2},"end":{"line":25,"column":4}},"10":{"start":{"line":28,"column":0},"end":{"line":28,"column":20}}},"fnMap":{"0":{"name":"(anonymous_0)","decl":{"start":{"line":8,"column":40},"end":{"line":8,"column":41}},"loc":{"start":{"line":8,"column":49},"end":{"line":15,"column":1}},"line":8},"1":{"name":"(anonymous_1)","decl":{"start":{"line":17,"column":13},"end":{"line":17,"column":14}},"loc":{"start":{"line":17,"column":19},"end":{"line":26,"column":1}},"line":17}},"branchMap":{"0":{"loc":{"start":{"line":6,"column":15},"end":{"line":6,"column":86}},"type":"cond-expr","locations":[{"start":{"line":6,"column":27},"end":{"line":6,"column":37}},{"start":{"line":6,"column":40},"end":{"line":6,"column":86}}],"line":6},"1":{"loc":{"start":{"line":9,"column":2},"end":{"line":14,"column":3}},"type":"if","locations":[{"start":{"line":9,"column":2},"end":{"line":14,"column":3}},{"start":{},"end":{}}],"line":9}},"s":{"0":1,"1":1,"2":1,"3":1,"4":1,"5":1,"6":0,"7":0,"8":1,"9":1,"10":1},"f":{"0":1,"1":1},"b":{"0":[1,0],"1":[0,1]},"_coverageSchema":"1a1c01bbd47fc00a2c39e90264f33305004495a9","hash":"f05571632feea821797eebb97df4b3fa2e74ae09"}
,"/Users/nehiyr/Labs/side-projects/ci-cd/src/routes/users.js": {"path":"/Users/nehiyr/Labs/side-projects/ci-cd/src/routes/users.js","statementMap":{"0":{"start":{"line":1,"column":16},"end":{"line":1,"column":34}},"1":{"start":{"line":2,"column":11},"end":{"line":2,"column":27}},"2":{"start":{"line":4,"column":15},"end":{"line":4,"column":31}},"3":{"start":{"line":6,"column":0},"end":{"line":14,"column":3}},"4":{"start":{"line":7,"column":2},"end":{"line":13,"column":5}},"5":{"start":{"line":8,"column":4},"end":{"line":10,"column":5}},"6":{"start":{"line":9,"column":6},"end":{"line":9,"column":23}},"7":{"start":{"line":12,"column":4},"end":{"line":12,"column":26}},"8":{"start":{"line":16,"column":0},"end":{"line":34,"column":3}},"9":{"start":{"line":17,"column":13},"end":{"line":17,"column":34}},"10":{"start":{"line":19,"column":2},"end":{"line":21,"column":3}},"11":{"start":{"line":20,"column":4},"end":{"line":20,"column":69}},"12":{"start":{"line":23,"column":2},"end":{"line":33,"column":5}},"13":{"start":{"line":24,"column":4},"end":{"line":26,"column":5}},"14":{"start":{"line":25,"column":6},"end":{"line":25,"column":23}},"15":{"start":{"line":28,"column":4},"end":{"line":30,"column":5}},"16":{"start":{"line":29,"column":6},"end":{"line":29,"column":73}},"17":{"start":{"line":32,"column":4},"end":{"line":32,"column":25}},"18":{"start":{"line":36,"column":0},"end":{"line":69,"column":3}},"19":{"start":{"line":37,"column":26},"end":{"line":37,"column":34}},"20":{"start":{"line":39,"column":2},"end":{"line":41,"column":3}},"21":{"start":{"line":40,"column":4},"end":{"line":40,"column":91}},"22":{"start":{"line":43,"column":22},"end":{"line":43,"column":41}},"23":{"start":{"line":44,"column":23},"end":{"line":44,"column":43}},"24":{"start":{"line":46,"column":2},"end":{"line":48,"column":3}},"25":{"start":{"line":47,"column":4},"end":{"line":47,"column":99}},"26":{"start":{"line":50,"column":22},"end":{"line":50,"column":69}},"27":{"start":{"line":52,"column":2},"end":{"line":68,"column":5}},"28":{"start":{"line":53,"column":4},"end":{"line":59,"column":5}},"29":{"start":{"line":54,"column":6},"end":{"line":56,"column":7}},"30":{"start":{"line":55,"column":8},"end":{"line":55,"column":94}},"31":{"start":{"line":58,"column":6},"end":{"line":58,"column":23}},"32":{"start":{"line":61,"column":20},"end":{"line":65,"column":5}},"33":{"start":{"line":67,"column":4},"end":{"line":67,"column":41}},"34":{"start":{"line":71,"column":0},"end":{"line":115,"column":3}},"35":{"start":{"line":72,"column":13},"end":{"line":72,"column":34}},"36":{"start":{"line":73,"column":26},"end":{"line":73,"column":34}},"37":{"start":{"line":75,"column":2},"end":{"line":77,"column":3}},"38":{"start":{"line":76,"column":4},"end":{"line":76,"column":69}},"39":{"start":{"line":79,"column":2},"end":{"line":81,"column":3}},"40":{"start":{"line":80,"column":4},"end":{"line":80,"column":99}},"41":{"start":{"line":83,"column":22},"end":{"line":83,"column":72}},"42":{"start":{"line":84,"column":23},"end":{"line":84,"column":75}},"43":{"start":{"line":86,"column":22},"end":{"line":92,"column":3}},"44":{"start":{"line":94,"column":2},"end":{"line":114,"column":5}},"45":{"start":{"line":95,"column":4},"end":{"line":101,"column":5}},"46":{"start":{"line":96,"column":6},"end":{"line":98,"column":7}},"47":{"start":{"line":97,"column":8},"end":{"line":97,"column":94}},"48":{"start":{"line":100,"column":6},"end":{"line":100,"column":23}},"49":{"start":{"line":103,"column":4},"end":{"line":105,"column":5}},"50":{"start":{"line":104,"column":6},"end":{"line":104,"column":73}},"51":{"start":{"line":107,"column":4},"end":{"line":113,"column":7}},"52":{"start":{"line":108,"column":6},"end":{"line":110,"column":7}},"53":{"start":{"line":109,"column":8},"end":{"line":109,"column":31}},"54":{"start":{"line":112,"column":6},"end":{"line":112,"column":27}},"55":{"start":{"line":117,"column":0},"end":{"line":137,"column":3}},"56":{"start":{"line":118,"column":13},"end":{"line":118,"column":34}},"57":{"start":{"line":120,"column":2},"end":{"line":122,"column":3}},"58":{"start":{"line":121,"column":4},"end":{"line":121,"column":69}},"59":{"start":{"line":124,"column":22},"end":{"line":124,"column":54}},"60":{"start":{"line":126,"column":2},"end":{"line":136,"column":5}},"61":{"start":{"line":127,"column":4},"end":{"line":129,"column":5}},"62":{"start":{"line":128,"column":6},"end":{"line":128,"column":23}},"63":{"start":{"line":131,"column":4},"end":{"line":133,"column":5}},"64":{"start":{"line":132,"column":6},"end":{"line":132,"column":73}},"65":{"start":{"line":135,"column":4},"end":{"line":135,"column":34}},"66":{"start":{"line":139,"column":0},"end":{"line":139,"column":24}}},"fnMap":{"0":{"name":"(anonymous_0)","decl":{"start":{"line":6,"column":16},"end":{"line":6,"column":17}},"loc":{"start":{"line":6,"column":36},"end":{"line":14,"column":1}},"line":6},"1":{"name":"(anonymous_1)","decl":{"start":{"line":7,"column":58},"end":{"line":7,"column":59}},"loc":{"start":{"line":7,"column":73},"end":{"line":13,"column":3}},"line":7},"2":{"name":"(anonymous_2)","decl":{"start":{"line":16,"column":19},"end":{"line":16,"column":20}},"loc":{"start":{"line":16,"column":39},"end":{"line":34,"column":1}},"line":16},"3":{"name":"(anonymous_3)","decl":{"start":{"line":23,"column":77},"end":{"line":23,"column":78}},"loc":{"start":{"line":23,"column":91},"end":{"line":33,"column":3}},"line":23},"4":{"name":"(anonymous_4)","decl":{"start":{"line":36,"column":17},"end":{"line":36,"column":18}},"loc":{"start":{"line":36,"column":37},"end":{"line":69,"column":1}},"line":36},"5":{"name":"onInsert","decl":{"start":{"line":52,"column":60},"end":{"line":52,"column":68}},"loc":{"start":{"line":52,"column":74},"end":{"line":68,"column":3}},"line":52},"6":{"name":"(anonymous_6)","decl":{"start":{"line":71,"column":19},"end":{"line":71,"column":20}},"loc":{"start":{"line":71,"column":39},"end":{"line":115,"column":1}},"line":71},"7":{"name":"onUpdate","decl":{"start":{"line":94,"column":64},"end":{"line":94,"column":72}},"loc":{"start":{"line":94,"column":78},"end":{"line":114,"column":3}},"line":94},"8":{"name":"(anonymous_8)","decl":{"start":{"line":107,"column":79},"end":{"line":107,"column":80}},"loc":{"start":{"line":107,"column":99},"end":{"line":113,"column":5}},"line":107},"9":{"name":"(anonymous_9)","decl":{"start":{"line":117,"column":22},"end":{"line":117,"column":23}},"loc":{"start":{"line":117,"column":42},"end":{"line":137,"column":1}},"line":117},"10":{"name":"onDelete","decl":{"start":{"line":126,"column":37},"end":{"line":126,"column":45}},"loc":{"start":{"line":126,"column":51},"end":{"line":136,"column":3}},"line":126}},"branchMap":{"0":{"loc":{"start":{"line":8,"column":4},"end":{"line":10,"column":5}},"type":"if","locations":[{"start":{"line":8,"column":4},"end":{"line":10,"column":5}},{"start":{},"end":{}}],"line":8},"1":{"loc":{"start":{"line":19,"column":2},"end":{"line":21,"column":3}},"type":"if","locations":[{"start":{"line":19,"column":2},"end":{"line":21,"column":3}},{"start":{},"end":{}}],"line":19},"2":{"loc":{"start":{"line":24,"column":4},"end":{"line":26,"column":5}},"type":"if","locations":[{"start":{"line":24,"column":4},"end":{"line":26,"column":5}},{"start":{},"end":{}}],"line":24},"3":{"loc":{"start":{"line":28,"column":4},"end":{"line":30,"column":5}},"type":"if","locations":[{"start":{"line":28,"column":4},"end":{"line":30,"column":5}},{"start":{},"end":{}}],"line":28},"4":{"loc":{"start":{"line":39,"column":2},"end":{"line":41,"column":3}},"type":"if","locations":[{"start":{"line":39,"column":2},"end":{"line":41,"column":3}},{"start":{},"end":{}}],"line":39},"5":{"loc":{"start":{"line":39,"column":6},"end":{"line":39,"column":21}},"type":"binary-expr","locations":[{"start":{"line":39,"column":6},"end":{"line":39,"column":11}},{"start":{"line":39,"column":15},"end":{"line":39,"column":21}}],"line":39},"6":{"loc":{"start":{"line":46,"column":2},"end":{"line":48,"column":3}},"type":"if","locations":[{"start":{"line":46,"column":2},"end":{"line":48,"column":3}},{"start":{},"end":{}}],"line":46},"7":{"loc":{"start":{"line":46,"column":6},"end":{"line":46,"column":35}},"type":"binary-expr","locations":[{"start":{"line":46,"column":6},"end":{"line":46,"column":18}},{"start":{"line":46,"column":22},"end":{"line":46,"column":35}}],"line":46},"8":{"loc":{"start":{"line":53,"column":4},"end":{"line":59,"column":5}},"type":"if","locations":[{"start":{"line":53,"column":4},"end":{"line":59,"column":5}},{"start":{},"end":{}}],"line":53},"9":{"loc":{"start":{"line":54,"column":6},"end":{"line":56,"column":7}},"type":"if","locations":[{"start":{"line":54,"column":6},"end":{"line":56,"column":7}},{"start":{},"end":{}}],"line":54},"10":{"loc":{"start":{"line":75,"column":2},"end":{"line":77,"column":3}},"type":"if","locations":[{"start":{"line":75,"column":2},"end":{"line":77,"column":3}},{"start":{},"end":{}}],"line":75},"11":{"loc":{"start":{"line":79,"column":2},"end":{"line":81,"column":3}},"type":"if","locations":[{"start":{"line":79,"column":2},"end":{"line":81,"column":3}},{"start":{},"end":{}}],"line":79},"12":{"loc":{"start":{"line":79,"column":6},"end":{"line":79,"column":21}},"type":"binary-expr","locations":[{"start":{"line":79,"column":6},"end":{"line":79,"column":11}},{"start":{"line":79,"column":15},"end":{"line":79,"column":21}}],"line":79},"13":{"loc":{"start":{"line":83,"column":22},"end":{"line":83,"column":72}},"type":"cond-expr","locations":[{"start":{"line":83,"column":49},"end":{"line":83,"column":60}},{"start":{"line":83,"column":63},"end":{"line":83,"column":72}}],"line":83},"14":{"loc":{"start":{"line":84,"column":23},"end":{"line":84,"column":75}},"type":"cond-expr","locations":[{"start":{"line":84,"column":51},"end":{"line":84,"column":63}},{"start":{"line":84,"column":66},"end":{"line":84,"column":75}}],"line":84},"15":{"loc":{"start":{"line":95,"column":4},"end":{"line":101,"column":5}},"type":"if","locations":[{"start":{"line":95,"column":4},"end":{"line":101,"column":5}},{"start":{},"end":{}}],"line":95},"16":{"loc":{"start":{"line":96,"column":6},"end":{"line":98,"column":7}},"type":"if","locations":[{"start":{"line":96,"column":6},"end":{"line":98,"column":7}},{"start":{},"end":{}}],"line":96},"17":{"loc":{"start":{"line":103,"column":4},"end":{"line":105,"column":5}},"type":"if","locations":[{"start":{"line":103,"column":4},"end":{"line":105,"column":5}},{"start":{},"end":{}}],"line":103},"18":{"loc":{"start":{"line":108,"column":6},"end":{"line":110,"column":7}},"type":"if","locations":[{"start":{"line":108,"column":6},"end":{"line":110,"column":7}},{"start":{},"end":{}}],"line":108},"19":{"loc":{"start":{"line":120,"column":2},"end":{"line":122,"column":3}},"type":"if","locations":[{"start":{"line":120,"column":2},"end":{"line":122,"column":3}},{"start":{},"end":{}}],"line":120},"20":{"loc":{"start":{"line":127,"column":4},"end":{"line":129,"column":5}},"type":"if","locations":[{"start":{"line":127,"column":4},"end":{"line":129,"column":5}},{"start":{},"end":{}}],"line":127},"21":{"loc":{"start":{"line":131,"column":4},"end":{"line":133,"column":5}},"type":"if","locations":[{"start":{"line":131,"column":4},"end":{"line":133,"column":5}},{"start":{},"end":{}}],"line":131}},"s":{"0":1,"1":1,"2":1,"3":1,"4":1,"5":1,"6":0,"7":1,"8":1,"9":3,"10":3,"11":1,"12":2,"13":2,"14":0,"15":2,"16":1,"17":1,"18":1,"19":7,"20":7,"21":1,"22":6,"23":6,"24":6,"25":1,"26":5,"27":5,"28":5,"29":1,"30":1,"31":0,"32":4,"33":4,"34":1,"35":0,"36":0,"37":0,"38":0,"39":0,"40":0,"41":0,"42":0,"43":0,"44":0,"45":0,"46":0,"47":0,"48":0,"49":0,"50":0,"51":0,"52":0,"53":0,"54":0,"55":1,"56":0,"57":0,"58":0,"59":0,"60":0,"61":0,"62":0,"63":0,"64":0,"65":0,"66":1},"f":{"0":1,"1":1,"2":3,"3":2,"4":7,"5":5,"6":0,"7":0,"8":0,"9":0,"10":0},"b":{"0":[0,1],"1":[1,2],"2":[0,2],"3":[1,1],"4":[1,6],"5":[7,7],"6":[1,5],"7":[6,6],"8":[1,4],"9":[1,0],"10":[0,0],"11":[0,0],"12":[0,0],"13":[0,0],"14":[0,0],"15":[0,0],"16":[0,0],"17":[0,0],"18":[0,0],"19":[0,0],"20":[0,0],"21":[0,0]},"_coverageSchema":"1a1c01bbd47fc00a2c39e90264f33305004495a9","hash":"f60fdc9cf1e71defaeb7b4c769d0fe38e0f93437"}
}
