TN:
SF:src/app.js
FN:11,(anonymous_0)
FN:15,(anonymous_1)
FNF:2
FNH:0
FNDA:0,(anonymous_0)
FNDA:0,(anonymous_1)
DA:1,1
DA:2,1
DA:4,1
DA:6,1
DA:8,1
DA:11,1
DA:15,1
DA:17,0
DA:19,0
DA:22,1
LF:10
LH:8
BRF:0
BRH:0
end_of_record
TN:
SF:src/db.js
FN:8,(anonymous_0)
FN:17,(anonymous_1)
FNF:2
FNH:2
FNDA:1,(anonymous_0)
FNDA:1,(anonymous_1)
DA:1,1
DA:2,1
DA:4,1
DA:6,1
DA:8,1
DA:9,1
DA:12,0
DA:13,0
DA:17,1
DA:18,1
DA:28,1
LF:11
LH:9
BRDA:6,0,0,1
BRDA:6,0,1,0
BRDA:9,1,0,0
BRDA:9,1,1,1
BRF:4
BRH:2
end_of_record
TN:
SF:src/routes/users.js
FN:6,(anonymous_0)
FN:7,(anonymous_1)
FN:16,(anonymous_2)
FN:23,(anonymous_3)
FN:36,(anonymous_4)
FN:52,onInsert
FN:71,(anonymous_6)
FN:94,onUpdate
FN:107,(anonymous_8)
FN:117,(anonymous_9)
FN:126,onDelete
FNF:11
FNH:6
FNDA:1,(anonymous_0)
FNDA:1,(anonymous_1)
FNDA:3,(anonymous_2)
FNDA:2,(anonymous_3)
FNDA:7,(anonymous_4)
FNDA:5,onInsert
FNDA:0,(anonymous_6)
FNDA:0,onUpdate
FNDA:0,(anonymous_8)
FNDA:0,(anonymous_9)
FNDA:0,onDelete
DA:1,1
DA:2,1
DA:4,1
DA:6,1
DA:7,1
DA:8,1
DA:9,0
DA:12,1
DA:16,1
DA:17,3
DA:19,3
DA:20,1
DA:23,2
DA:24,2
DA:25,0
DA:28,2
DA:29,1
DA:32,1
DA:36,1
DA:37,7
DA:39,7
DA:40,1
DA:43,6
DA:44,6
DA:46,6
DA:47,1
DA:50,5
DA:52,5
DA:53,5
DA:54,1
DA:55,1
DA:58,0
DA:61,4
DA:67,4
DA:71,1
DA:72,0
DA:73,0
DA:75,0
DA:76,0
DA:79,0
DA:80,0
DA:83,0
DA:84,0
DA:86,0
DA:94,0
DA:95,0
DA:96,0
DA:97,0
DA:100,0
DA:103,0
DA:104,0
DA:107,0
DA:108,0
DA:109,0
DA:112,0
DA:117,1
DA:118,0
DA:120,0
DA:121,0
DA:124,0
DA:126,0
DA:127,0
DA:128,0
DA:131,0
DA:132,0
DA:135,0
DA:139,1
LF:67
LH:34
BRDA:8,0,0,0
BRDA:8,0,1,1
BRDA:19,1,0,1
BRDA:19,1,1,2
BRDA:24,2,0,0
BRDA:24,2,1,2
BRDA:28,3,0,1
BRDA:28,3,1,1
BRDA:39,4,0,1
BRDA:39,4,1,6
BRDA:39,5,0,7
BRDA:39,5,1,7
BRDA:46,6,0,1
BRDA:46,6,1,5
BRDA:46,7,0,6
BRDA:46,7,1,6
BRDA:53,8,0,1
BRDA:53,8,1,4
BRDA:54,9,0,1
BRDA:54,9,1,0
BRDA:75,10,0,0
BRDA:75,10,1,0
BRDA:79,11,0,0
BRDA:79,11,1,0
BRDA:79,12,0,0
BRDA:79,12,1,0
BRDA:83,13,0,0
BRDA:83,13,1,0
BRDA:84,14,0,0
BRDA:84,14,1,0
BRDA:95,15,0,0
BRDA:95,15,1,0
BRDA:96,16,0,0
BRDA:96,16,1,0
BRDA:103,17,0,0
BRDA:103,17,1,0
BRDA:108,18,0,0
BRDA:108,18,1,0
BRDA:120,19,0,0
BRDA:120,19,1,0
BRDA:127,20,0,0
BRDA:127,20,1,0
BRDA:131,21,0,0
BRDA:131,21,1,0
BRF:44
BRH:17
end_of_record
